3-D Truss analysis
------------------

Date: 04-Nov-2019 20:59:03

Input file: d2.inp

Joints:         Joint-id  x-coordinate y-coordinate z-coordinate
                1         0.00         5.50         0.00
                2        -6.00        20.81         0.00
                3         6.00        20.81         0.00
                4        -6.00        43.31         0.00
                5         6.00        43.31         0.00
                6        -5.00        63.79         0.00
                7         5.00        63.79         0.00
                8         0.00        35.29        13.00
                9         0.00        53.08         9.00
               10         0.00        17.31         8.24


External loads: Joint-id  Force-x      Force-y      Force-z
                1         0.00         0.00

Bars:           Bar-id    Joint-i      Joint-j     Force    (T,C)
                1         1            2           1.738     (T)
                2         1            3           1.738     (T)
                3         1           10           3.947     (C)
                4         2            3           1.017     (C)
                5         2            4           1.633     (T)
                6         3            5           1.670     (T)
                7         2            5           0.149     (C)
                8         3            8           0.194     (T)
                9         2            8           0.432     (T)
               10         4            8           0.294     (T)
               11         5            8           0.486     (T)
               12         4            5           0.416     (C)
               13         8            9           3.641     (C)
               14         4            9           0.809     (T)
               15         5            9           0.585     (T)
               16         5            7           1.386     (T)
               17         4            6           1.409     (T)
               18         7            9           1.679     (C)
               19         6            9           1.953     (C)
               20         6            7           0.726     (T)
               21         4            7           0.197     (C)
               22         2           10           0.585     (T)
               23         3           10           0.585     (T)
               24         8           10           3.741     (C)

Reactions:      Joint-id  Uvec-x       Uvec-y       Uvec-z      Force
                1         0.00         0.00         1.00        2.622
                1         0.00         1.00         0.00        0.000
                6         0.00         0.00         1.00        1.535
                6         0.71         0.71         0.00       -0.000
                7         0.00         0.00         1.00        1.508
                7         0.71         0.71         0.00        0.000
