3-D Truss analysis
------------------

Date: 04-Nov-2019 20:58:54

Input file: trussqm.inp

Joints:         Joint-id  x-coordinate y-coordinate z-coordinate
                1         0.00         0.00         0.00
                2        16.00         0.00        12.00
                3        16.00         0.00         0.00
                4        32.00         0.00        12.00
                5        32.00         0.00         0.00
                6        48.00         0.00        12.00
                7        48.00         0.00         0.00
                8        64.00         0.00         0.00
                9         0.00         6.00         0.00
               10        16.00         6.00        12.00
               11        16.00         6.00         0.00
               12        32.00         6.00        12.00
               13        32.00         6.00         0.00
               14        48.00         6.00        12.00
               15        48.00         6.00         0.00
               16        64.00         6.00         0.00


External loads: Joint-id  Force-x      Force-y      Force-z
                1         0.00         0.00

Bars:           Bar-id    Joint-i      Joint-j     Force    (T,C)
                1         1            2           3.996     (C)
                2         1            3           3.196     (T)
                3         2            3           0.481     (T)
                4         2            4           3.091     (C)
                5         3            5           1.369     (T)
                6         2            5           2.152     (T)
                7         4            5           0.691     (C)
                8         4            6           1.384     (C)
                9         5            7           1.264     (T)
               10         4            7           0.150     (T)
               11         6            7           0.510     (T)
               12         6            8           0.554     (T)
               13         7            8           0.443     (C)
               14         1            9           0.000     (C)
               15         2           10           0.685     (T)
               16         3           11           0.685     (C)
               17         4           12           0.685     (T)
               18         5           13           0.685     (C)
               19         6           14           0.685     (T)
               20         7           15           0.685     (C)
               21         8           16           0.000     (C)
               22         9           10           0.554     (T)
               23         9           11           0.443     (C)
               24        10           11           0.510     (T)
               25        10           12           1.384     (C)
               26        11           13           1.264     (T)
               27        11           12           0.150     (T)
               28        12           13           0.691     (C)
               29        12           14           3.091     (C)
               30        13           15           1.369     (T)
               31        13           14           2.152     (T)
               32        14           15           0.481     (T)
               33        14           16           3.996     (C)
               34        15           16           3.196     (T)
               35         1           11           1.951     (T)
               36         3           13           1.951     (T)
               37         5           15           1.951     (T)
               38         7           16           1.951     (T)
               39         2           12           1.951     (C)
               40         4           14           1.951     (C)
               41         1           10           2.385     (C)
               42         6           16           2.385     (C)

Reactions:      Joint-id  Uvec-x       Uvec-y       Uvec-z      Force
                1         0.71         0.71         0.00        0.000
                1         0.00         0.00         1.00        4.326
                9         0.71         0.71         0.00       -0.000
                9         0.00         0.00         1.00       -0.000
                8         0.00         0.71         0.71        0.000
               16         0.00         0.00         1.00        4.326
